Determining if the pthread_create exist failed with the following output:
Change Dir: /home/mizumi/Studio/eYantra/task_3/catkin_ws/build/gazebo_logical_camera/CMakeFiles/CMakeTmp

Run Build Command:"/usr/bin/make" "cmTC_8a216/fast"
/usr/bin/make -f CMakeFiles/cmTC_8a216.dir/build.make CMakeFiles/cmTC_8a216.dir/build
make[1]: Entering directory '/home/mizumi/Studio/eYantra/task_3/catkin_ws/build/gazebo_logical_camera/CMakeFiles/CMakeTmp'
Building C object CMakeFiles/cmTC_8a216.dir/CheckSymbolExists.c.o
/usr/bin/cc    -o CMakeFiles/cmTC_8a216.dir/CheckSymbolExists.c.o   -c /home/mizumi/Studio/eYantra/task_3/catkin_ws/build/gazebo_logical_camera/CMakeFiles/CMakeTmp/CheckSymbolExists.c
Linking C executable cmTC_8a216
/usr/bin/cmake -E cmake_link_script CMakeFiles/cmTC_8a216.dir/link.txt --verbose=1
/usr/bin/cc      -rdynamic CMakeFiles/cmTC_8a216.dir/CheckSymbolExists.c.o  -o cmTC_8a216 
CMakeFiles/cmTC_8a216.dir/CheckSymbolExists.c.o: In function `main':
CheckSymbolExists.c:(.text+0x1b): undefined reference to `pthread_create'
collect2: error: ld returned 1 exit status
CMakeFiles/cmTC_8a216.dir/build.make:97: recipe for target 'cmTC_8a216' failed
make[1]: *** [cmTC_8a216] Error 1
make[1]: Leaving directory '/home/mizumi/Studio/eYantra/task_3/catkin_ws/build/gazebo_logical_camera/CMakeFiles/CMakeTmp'
Makefile:126: recipe for target 'cmTC_8a216/fast' failed
make: *** [cmTC_8a216/fast] Error 2

File /home/mizumi/Studio/eYantra/task_3/catkin_ws/build/gazebo_logical_camera/CMakeFiles/CMakeTmp/CheckSymbolExists.c:
/* */
#include <pthread.h>

int main(int argc, char** argv)
{
  (void)argv;
#ifndef pthread_create
  return ((int*)(&pthread_create))[argc];
#else
  (void)argc;
  return 0;
#endif
}

Determining if the function pthread_create exists in the pthreads failed with the following output:
Change Dir: /home/mizumi/Studio/eYantra/task_3/catkin_ws/build/gazebo_logical_camera/CMakeFiles/CMakeTmp

Run Build Command:"/usr/bin/make" "cmTC_9c3af/fast"
/usr/bin/make -f CMakeFiles/cmTC_9c3af.dir/build.make CMakeFiles/cmTC_9c3af.dir/build
make[1]: Entering directory '/home/mizumi/Studio/eYantra/task_3/catkin_ws/build/gazebo_logical_camera/CMakeFiles/CMakeTmp'
Building C object CMakeFiles/cmTC_9c3af.dir/CheckFunctionExists.c.o
/usr/bin/cc   -DCHECK_FUNCTION_EXISTS=pthread_create   -o CMakeFiles/cmTC_9c3af.dir/CheckFunctionExists.c.o   -c /usr/share/cmake-3.10/Modules/CheckFunctionExists.c
Linking C executable cmTC_9c3af
/usr/bin/cmake -E cmake_link_script CMakeFiles/cmTC_9c3af.dir/link.txt --verbose=1
/usr/bin/cc  -DCHECK_FUNCTION_EXISTS=pthread_create    -rdynamic CMakeFiles/cmTC_9c3af.dir/CheckFunctionExists.c.o  -o cmTC_9c3af -lpthreads 
/usr/bin/ld: cannot find -lpthreads
collect2: error: ld returned 1 exit status
CMakeFiles/cmTC_9c3af.dir/build.make:97: recipe for target 'cmTC_9c3af' failed
make[1]: *** [cmTC_9c3af] Error 1
make[1]: Leaving directory '/home/mizumi/Studio/eYantra/task_3/catkin_ws/build/gazebo_logical_camera/CMakeFiles/CMakeTmp'
Makefile:126: recipe for target 'cmTC_9c3af/fast' failed
make: *** [cmTC_9c3af/fast] Error 2


