Determining if the pthread_create exist failed with the following output:
Change Dir: /home/mizumi/Studio/eYantra/task_3/catkin_ws/build/ur_driver/CMakeFiles/CMakeTmp

Run Build Command:"/usr/bin/make" "cmTC_f4218/fast"
/usr/bin/make -f CMakeFiles/cmTC_f4218.dir/build.make CMakeFiles/cmTC_f4218.dir/build
make[1]: Entering directory '/home/mizumi/Studio/eYantra/task_3/catkin_ws/build/ur_driver/CMakeFiles/CMakeTmp'
Building C object CMakeFiles/cmTC_f4218.dir/CheckSymbolExists.c.o
/usr/bin/cc    -o CMakeFiles/cmTC_f4218.dir/CheckSymbolExists.c.o   -c /home/mizumi/Studio/eYantra/task_3/catkin_ws/build/ur_driver/CMakeFiles/CMakeTmp/CheckSymbolExists.c
Linking C executable cmTC_f4218
/usr/bin/cmake -E cmake_link_script CMakeFiles/cmTC_f4218.dir/link.txt --verbose=1
/usr/bin/cc      -rdynamic CMakeFiles/cmTC_f4218.dir/CheckSymbolExists.c.o  -o cmTC_f4218 
CMakeFiles/cmTC_f4218.dir/CheckSymbolExists.c.o: In function `main':
CheckSymbolExists.c:(.text+0x1b): undefined reference to `pthread_create'
collect2: error: ld returned 1 exit status
CMakeFiles/cmTC_f4218.dir/build.make:97: recipe for target 'cmTC_f4218' failed
make[1]: *** [cmTC_f4218] Error 1
make[1]: Leaving directory '/home/mizumi/Studio/eYantra/task_3/catkin_ws/build/ur_driver/CMakeFiles/CMakeTmp'
Makefile:126: recipe for target 'cmTC_f4218/fast' failed
make: *** [cmTC_f4218/fast] Error 2

File /home/mizumi/Studio/eYantra/task_3/catkin_ws/build/ur_driver/CMakeFiles/CMakeTmp/CheckSymbolExists.c:
/* */
#include <pthread.h>

int main(int argc, char** argv)
{
  (void)argv;
#ifndef pthread_create
  return ((int*)(&pthread_create))[argc];
#else
  (void)argc;
  return 0;
#endif
}

Determining if the function pthread_create exists in the pthreads failed with the following output:
Change Dir: /home/mizumi/Studio/eYantra/task_3/catkin_ws/build/ur_driver/CMakeFiles/CMakeTmp

Run Build Command:"/usr/bin/make" "cmTC_c8852/fast"
/usr/bin/make -f CMakeFiles/cmTC_c8852.dir/build.make CMakeFiles/cmTC_c8852.dir/build
make[1]: Entering directory '/home/mizumi/Studio/eYantra/task_3/catkin_ws/build/ur_driver/CMakeFiles/CMakeTmp'
Building C object CMakeFiles/cmTC_c8852.dir/CheckFunctionExists.c.o
/usr/bin/cc   -DCHECK_FUNCTION_EXISTS=pthread_create   -o CMakeFiles/cmTC_c8852.dir/CheckFunctionExists.c.o   -c /usr/share/cmake-3.10/Modules/CheckFunctionExists.c
Linking C executable cmTC_c8852
/usr/bin/cmake -E cmake_link_script CMakeFiles/cmTC_c8852.dir/link.txt --verbose=1
/usr/bin/cc  -DCHECK_FUNCTION_EXISTS=pthread_create    -rdynamic CMakeFiles/cmTC_c8852.dir/CheckFunctionExists.c.o  -o cmTC_c8852 -lpthreads 
/usr/bin/ld: cannot find -lpthreads
collect2: error: ld returned 1 exit status
CMakeFiles/cmTC_c8852.dir/build.make:97: recipe for target 'cmTC_c8852' failed
make[1]: *** [cmTC_c8852] Error 1
make[1]: Leaving directory '/home/mizumi/Studio/eYantra/task_3/catkin_ws/build/ur_driver/CMakeFiles/CMakeTmp'
Makefile:126: recipe for target 'cmTC_c8852/fast' failed
make: *** [cmTC_c8852/fast] Error 2


