[  2%] Built target gazebo_ros_range
[  4%] Built target gazebo_ros_template
[  7%] Built target gazebo_ros_ft_sensor
[  9%] Built target gazebo_ros_vacuum_gripper
[ 12%] Built target gazebo_ros_planar_move
[ 14%] Built target gazebo_ros_video
[ 14%] Built target tf2_msgs_generate_messages_eus
[ 14%] Built target diagnostic_msgs_generate_messages_nodejs
[ 14%] Built target diagnostic_msgs_generate_messages_lisp
[ 14%] Built target diagnostic_msgs_generate_messages_eus
[ 17%] Built target gazebo_ros_utils
[ 19%] Built target gazebo_ros_hand_of_god
[ 19%] Built target polled_camera_generate_messages_py
[ 19%] Built target polled_camera_generate_messages_cpp
[ 19%] Built target polled_camera_generate_messages_eus
[ 19%] Built target dynamic_reconfigure_generate_messages_py
[ 19%] Built target dynamic_reconfigure_generate_messages_eus
[ 19%] Built target tf2_msgs_generate_messages_nodejs
[ 19%] Built target dynamic_reconfigure_generate_messages_nodejs
[ 19%] Built target std_srvs_generate_messages_cpp
[ 19%] Built target std_srvs_generate_messages_py
[ 19%] Built target geometry_msgs_generate_messages_py
[ 19%] Built target geometry_msgs_generate_messages_eus
[ 19%] Built target roscpp_generate_messages_cpp
[ 19%] Built target geometry_msgs_generate_messages_lisp
[ 19%] Built target sensor_msgs_generate_messages_nodejs
[ 19%] Built target actionlib_generate_messages_cpp
[ 19%] Built target trajectory_msgs_generate_messages_eus
[ 19%] Built target polled_camera_generate_messages_lisp
[ 19%] Built target polled_camera_generate_messages_nodejs
[ 19%] Built target roscpp_generate_messages_py
[ 19%] Built target trajectory_msgs_generate_messages_cpp
[ 19%] Built target dynamic_reconfigure_generate_messages_cpp
[ 19%] Built target tf_generate_messages_py
[ 19%] Built target std_msgs_generate_messages_cpp
[ 19%] Built target sensor_msgs_generate_messages_py
[ 19%] Built target sensor_msgs_generate_messages_eus
[ 19%] Built target nodelet_generate_messages_py
[ 19%] Built target nav_msgs_generate_messages_nodejs
[ 19%] Built target actionlib_msgs_generate_messages_nodejs
[ 19%] Built target std_msgs_generate_messages_eus
[ 19%] Built target geometry_msgs_generate_messages_nodejs
[ 19%] Built target trajectory_msgs_generate_messages_py
[ 19%] Built target gazebo_msgs_generate_messages_py
[ 19%] Built target gazebo_msgs_generate_messages_eus
[ 19%] Built target sensor_msgs_generate_messages_lisp
[ 19%] Built target nav_msgs_generate_messages_cpp
[ 19%] Built target std_srvs_generate_messages_nodejs
[ 19%] Built target nodelet_generate_messages_cpp
[ 19%] Built target bond_generate_messages_py
[ 19%] Built target geometry_msgs_generate_messages_cpp
[ 19%] Built target actionlib_generate_messages_lisp
[ 19%] Built target dynamic_reconfigure_generate_messages_lisp
[ 19%] Built target gazebo_msgs_generate_messages_cpp
[ 19%] Built target std_msgs_generate_messages_nodejs
[ 19%] Built target bond_generate_messages_lisp
[ 19%] Built target sensor_msgs_generate_messages_cpp
[ 19%] Built target roscpp_generate_messages_nodejs
[ 19%] Built target std_msgs_generate_messages_lisp
[ 19%] Built target diagnostic_msgs_generate_messages_py
[ 19%] Built target gazebo_msgs_generate_messages_lisp
[ 19%] Built target std_srvs_generate_messages_eus
[ 19%] Built target roscpp_generate_messages_lisp
[ 19%] Built target bond_generate_messages_eus
[ 19%] Built target _catkin_empty_exported_target
[ 19%] Built target std_srvs_generate_messages_lisp
[ 19%] Built target std_msgs_generate_messages_py
[ 19%] Built target gazebo_msgs_generate_messages_nodejs
[ 19%] Built target rosgraph_msgs_generate_messages_cpp
[ 19%] Built target rosgraph_msgs_generate_messages_eus
[ 19%] Built target rosgraph_msgs_generate_messages_lisp
[ 19%] Built target rosgraph_msgs_generate_messages_nodejs
[ 19%] Built target nodelet_generate_messages_eus
[ 19%] Built target roscpp_generate_messages_eus
[ 19%] Built target nodelet_generate_messages_lisp
[ 19%] Built target rosgraph_msgs_generate_messages_py
[ 19%] Built target actionlib_msgs_generate_messages_eus
[ 19%] Built target nodelet_generate_messages_nodejs
[ 19%] Built target trajectory_msgs_generate_messages_lisp
[ 19%] Built target actionlib_msgs_generate_messages_cpp
[ 19%] Built target bond_generate_messages_cpp
[ 19%] Built target tf_generate_messages_eus
[ 19%] Built target trajectory_msgs_generate_messages_nodejs
[ 19%] Built target bond_generate_messages_nodejs
[ 19%] Built target dynamic_reconfigure_gencfg
[ 19%] Built target nav_msgs_generate_messages_lisp
[ 19%] Built target tf2_msgs_generate_messages_lisp
[ 19%] Built target nav_msgs_generate_messages_py
[ 19%] Built target actionlib_msgs_generate_messages_lisp
[ 19%] Built target actionlib_msgs_generate_messages_py
[ 19%] Built target tf_generate_messages_nodejs
[ 19%] Built target tf_generate_messages_lisp
[ 19%] Built target diagnostic_msgs_generate_messages_cpp
[ 19%] Built target actionlib_generate_messages_eus
[ 19%] Built target tf_generate_messages_cpp
[ 19%] Built target actionlib_generate_messages_nodejs
[ 19%] Built target actionlib_generate_messages_py
[ 19%] Built target tf2_msgs_generate_messages_py
[ 19%] Built target tf2_msgs_generate_messages_cpp
[ 19%] Built target nav_msgs_generate_messages_eus
[ 22%] Built target gazebo_ros_force
[ 24%] Built target gazebo_ros_projector
[ 27%] Built target gazebo_ros_block_laser
[ 29%] Built target gazebo_ros_imu
[ 32%] Built target gazebo_ros_laser
[ 34%] Built target MultiCameraPlugin
[ 37%] Built target gazebo_ros_harness
[ 39%] Built target gazebo_ros_bumper
[ 41%] Built target gazebo_ros_skid_steer_drive
[ 44%] Built target gazebo_ros_joint_pose_trajectory
[ 46%] Built target gazebo_ros_tricycle_drive
[35m[1mScanning dependencies of target gazebo_ros_gpu_laser[0m
[ 49%] Built target gazebo_ros_imu_sensor
[35m[1mScanning dependencies of target gazebo_ros_diff_drive[0m
[ 51%] Built target gazebo_ros_f3d
[35m[1mScanning dependencies of target gazebo_ros_joint_state_publisher[0m
[ 54%] Built target pub_joint_trajectory_test
[35m[1mScanning dependencies of target gazebo_plugins_gencfg[0m
[ 55%] [32mBuilding CXX object CMakeFiles/gazebo_ros_p3d.dir/src/gazebo_ros_p3d.cpp.o[0m
[ 56%] [34m[1mGenerating dynamic reconfigure files from cfg/CameraSynchronizer.cfg: /home/mizumi/Studio/eYantra/task_3/catkin_ws/devel/.private/gazebo_plugins/include/gazebo_plugins/CameraSynchronizerConfig.h /home/mizumi/Studio/eYantra/task_3/catkin_ws/devel/.private/gazebo_plugins/lib/python2.7/dist-packages/gazebo_plugins/cfg/CameraSynchronizerConfig.py[0m
[ 58%] [34m[1mGenerating dynamic reconfigure files from cfg/GazeboRosCamera.cfg: /home/mizumi/Studio/eYantra/task_3/catkin_ws/devel/.private/gazebo_plugins/include/gazebo_plugins/GazeboRosCameraConfig.h /home/mizumi/Studio/eYantra/task_3/catkin_ws/devel/.private/gazebo_plugins/lib/python2.7/dist-packages/gazebo_plugins/cfg/GazeboRosCameraConfig.py[0m
Generating reconfiguration files for CameraSynchronizer in gazebo_plugins
Wrote header file in /home/mizumi/Studio/eYantra/task_3/catkin_ws/devel/.private/gazebo_plugins/include/gazebo_plugins/CameraSynchronizerConfig.h
[ 59%] [32mBuilding CXX object CMakeFiles/gazebo_ros_gpu_laser.dir/src/gazebo_ros_gpu_laser.cpp.o[0m
[ 60%] [32mBuilding CXX object CMakeFiles/gazebo_ros_diff_drive.dir/src/gazebo_ros_diff_drive.cpp.o[0m
[ 61%] [34m[1mGenerating dynamic reconfigure files from cfg/GazeboRosOpenniKinect.cfg: /home/mizumi/Studio/eYantra/task_3/catkin_ws/devel/.private/gazebo_plugins/include/gazebo_plugins/GazeboRosOpenniKinectConfig.h /home/mizumi/Studio/eYantra/task_3/catkin_ws/devel/.private/gazebo_plugins/lib/python2.7/dist-packages/gazebo_plugins/cfg/GazeboRosOpenniKinectConfig.py[0m
[ 62%] [32mBuilding CXX object CMakeFiles/gazebo_ros_joint_state_publisher.dir/src/gazebo_ros_joint_state_publisher.cpp.o[0m
Generating reconfiguration files for GazeboRosCamera in gazebo_plugins
Wrote header file in /home/mizumi/Studio/eYantra/task_3/catkin_ws/devel/.private/gazebo_plugins/include/gazebo_plugins/GazeboRosCameraConfig.h
[ 64%] [34m[1mGenerating dynamic reconfigure files from cfg/Hokuyo.cfg: /home/mizumi/Studio/eYantra/task_3/catkin_ws/devel/.private/gazebo_plugins/include/gazebo_plugins/HokuyoConfig.h /home/mizumi/Studio/eYantra/task_3/catkin_ws/devel/.private/gazebo_plugins/lib/python2.7/dist-packages/gazebo_plugins/cfg/HokuyoConfig.py[0m
Generating reconfiguration files for GazeboRosOpenniKinect in gazebo_plugins
Wrote header file in /home/mizumi/Studio/eYantra/task_3/catkin_ws/devel/.private/gazebo_plugins/include/gazebo_plugins/GazeboRosOpenniKinectConfig.h
[ 65%] [34m[1mGenerating dynamic reconfigure files from cfg/WheelSlip.cfg: /home/mizumi/Studio/eYantra/task_3/catkin_ws/devel/.private/gazebo_plugins/include/gazebo_plugins/WheelSlipConfig.h /home/mizumi/Studio/eYantra/task_3/catkin_ws/devel/.private/gazebo_plugins/lib/python2.7/dist-packages/gazebo_plugins/cfg/WheelSlipConfig.py[0m
Generating reconfiguration files for Hokuyo in gazebo_plugins
Wrote header file in /home/mizumi/Studio/eYantra/task_3/catkin_ws/devel/.private/gazebo_plugins/include/gazebo_plugins/HokuyoConfig.h
Generating reconfiguration files for WheelSlip in gazebo_plugins
Wrote header file in /home/mizumi/Studio/eYantra/task_3/catkin_ws/devel/.private/gazebo_plugins/include/gazebo_plugins/WheelSlipConfig.h
[ 65%] Built target gazebo_plugins_gencfg
[35m[1mScanning dependencies of target gazebo_ros_camera_utils[0m
[35m[1mScanning dependencies of target vision_reconfigure[0m
[ 66%] [32mBuilding CXX object CMakeFiles/vision_reconfigure.dir/src/vision_reconfigure.cpp.o[0m
[ 67%] [32mBuilding CXX object CMakeFiles/gazebo_ros_camera_utils.dir/src/gazebo_ros_camera_utils.cpp.o[0m
[ 69%] [32m[1mLinking CXX shared library /home/mizumi/Studio/eYantra/task_3/catkin_ws/devel/.private/gazebo_plugins/lib/libvision_reconfigure.so[0m
[ 69%] Built target vision_reconfigure
[35m[1mScanning dependencies of target hokuyo_node[0m
[ 70%] [32mBuilding CXX object CMakeFiles/hokuyo_node.dir/src/hokuyo_node.cpp.o[0m
[ 71%] [32m[1mLinking CXX shared library /home/mizumi/Studio/eYantra/task_3/catkin_ws/devel/.private/gazebo_plugins/lib/libgazebo_ros_p3d.so[0m
[ 72%] [32m[1mLinking CXX executable /home/mizumi/Studio/eYantra/task_3/catkin_ws/devel/.private/gazebo_plugins/lib/gazebo_plugins/hokuyo_node[0m
[ 72%] Built target gazebo_ros_p3d
[35m[1mScanning dependencies of target gazebo_ros_elevator[0m
[ 74%] [32mBuilding CXX object CMakeFiles/gazebo_ros_elevator.dir/src/gazebo_ros_elevator.cpp.o[0m
[ 75%] [32m[1mLinking CXX shared library /home/mizumi/Studio/eYantra/task_3/catkin_ws/devel/.private/gazebo_plugins/lib/libgazebo_ros_diff_drive.so[0m
[ 75%] Built target hokuyo_node
[35m[1mScanning dependencies of target camera_synchronizer[0m
[ 76%] [32mBuilding CXX object CMakeFiles/camera_synchronizer.dir/src/camera_synchronizer.cpp.o[0m
[ 77%] [32m[1mLinking CXX shared library /home/mizumi/Studio/eYantra/task_3/catkin_ws/devel/.private/gazebo_plugins/lib/libgazebo_ros_joint_state_publisher.so[0m
[ 77%] Built target gazebo_ros_diff_drive
[ 79%] [32m[1mLinking CXX shared library /home/mizumi/Studio/eYantra/task_3/catkin_ws/devel/.private/gazebo_plugins/lib/libgazebo_ros_gpu_laser.so[0m
[ 79%] Built target gazebo_ros_joint_state_publisher
[ 79%] Built target gazebo_ros_gpu_laser
[ 80%] [32m[1mLinking CXX executable /home/mizumi/Studio/eYantra/task_3/catkin_ws/devel/.private/gazebo_plugins/lib/gazebo_plugins/camera_synchronizer[0m
[ 80%] Built target camera_synchronizer
[ 81%] [32m[1mLinking CXX shared library /home/mizumi/Studio/eYantra/task_3/catkin_ws/devel/.private/gazebo_plugins/lib/libgazebo_ros_elevator.so[0m
[ 81%] Built target gazebo_ros_elevator
[ 82%] [32m[1mLinking CXX shared library /home/mizumi/Studio/eYantra/task_3/catkin_ws/devel/.private/gazebo_plugins/lib/libgazebo_ros_camera_utils.so[0m
[ 82%] Built target gazebo_ros_camera_utils
[35m[1mScanning dependencies of target gazebo_ros_prosilica[0m
[35m[1mScanning dependencies of target gazebo_ros_camera[0m
[35m[1mScanning dependencies of target gazebo_ros_triggered_camera[0m
[35m[1mScanning dependencies of target gazebo_ros_openni_kinect[0m
[35m[1mScanning dependencies of target gazebo_ros_depth_camera[0m
[35m[1mScanning dependencies of target gazebo_ros_multicamera[0m
[ 83%] [32mBuilding CXX object CMakeFiles/gazebo_ros_triggered_camera.dir/src/gazebo_ros_triggered_camera.cpp.o[0m
[ 85%] [32mBuilding CXX object CMakeFiles/gazebo_ros_openni_kinect.dir/src/gazebo_ros_openni_kinect.cpp.o[0m
[ 86%] [32mBuilding CXX object CMakeFiles/gazebo_ros_camera.dir/src/gazebo_ros_camera.cpp.o[0m
[ 87%] [32mBuilding CXX object CMakeFiles/gazebo_ros_prosilica.dir/src/gazebo_ros_prosilica.cpp.o[0m
[ 88%] [32mBuilding CXX object CMakeFiles/gazebo_ros_depth_camera.dir/src/gazebo_ros_depth_camera.cpp.o[0m
[ 90%] [32mBuilding CXX object CMakeFiles/gazebo_ros_multicamera.dir/src/gazebo_ros_multicamera.cpp.o[0m
[ 92%] [32m[1mLinking CXX shared library /home/mizumi/Studio/eYantra/task_3/catkin_ws/devel/.private/gazebo_plugins/lib/libgazebo_ros_triggered_camera.so[0m
[ 92%] [32m[1mLinking CXX shared library /home/mizumi/Studio/eYantra/task_3/catkin_ws/devel/.private/gazebo_plugins/lib/libgazebo_ros_camera.so[0m
[ 93%] [32m[1mLinking CXX shared library /home/mizumi/Studio/eYantra/task_3/catkin_ws/devel/.private/gazebo_plugins/lib/libgazebo_ros_multicamera.so[0m
[ 95%] [32m[1mLinking CXX shared library /home/mizumi/Studio/eYantra/task_3/catkin_ws/devel/.private/gazebo_plugins/lib/libgazebo_ros_openni_kinect.so[0m
[ 96%] [32m[1mLinking CXX shared library /home/mizumi/Studio/eYantra/task_3/catkin_ws/devel/.private/gazebo_plugins/lib/libgazebo_ros_depth_camera.so[0m
[ 96%] Built target gazebo_ros_camera
[ 97%] [32m[1mLinking CXX shared library /home/mizumi/Studio/eYantra/task_3/catkin_ws/devel/.private/gazebo_plugins/lib/libgazebo_ros_prosilica.so[0m
[ 97%] Built target gazebo_ros_triggered_camera
[35m[1mScanning dependencies of target gazebo_ros_triggered_multicamera[0m
[ 97%] Built target gazebo_ros_multicamera
[ 98%] [32mBuilding CXX object CMakeFiles/gazebo_ros_triggered_multicamera.dir/src/gazebo_ros_triggered_multicamera.cpp.o[0m
[ 98%] Built target gazebo_ros_openni_kinect
[ 98%] Built target gazebo_ros_depth_camera
[ 98%] Built target gazebo_ros_prosilica
[100%] [32m[1mLinking CXX shared library /home/mizumi/Studio/eYantra/task_3/catkin_ws/devel/.private/gazebo_plugins/lib/libgazebo_ros_triggered_multicamera.so[0m
[100%] Built target gazebo_ros_triggered_multicamera
