Determining if the pthread_create exist failed with the following output:
Change Dir: /home/mizumi/Studio/eYantra/task_3/catkin_ws/build/gazebo_conveyor/CMakeFiles/CMakeTmp

Run Build Command:"/usr/bin/make" "cmTC_fdf12/fast"
/usr/bin/make -f CMakeFiles/cmTC_fdf12.dir/build.make CMakeFiles/cmTC_fdf12.dir/build
make[1]: Entering directory '/home/mizumi/Studio/eYantra/task_3/catkin_ws/build/gazebo_conveyor/CMakeFiles/CMakeTmp'
Building C object CMakeFiles/cmTC_fdf12.dir/CheckSymbolExists.c.o
/usr/bin/cc    -o CMakeFiles/cmTC_fdf12.dir/CheckSymbolExists.c.o   -c /home/mizumi/Studio/eYantra/task_3/catkin_ws/build/gazebo_conveyor/CMakeFiles/CMakeTmp/CheckSymbolExists.c
Linking C executable cmTC_fdf12
/usr/bin/cmake -E cmake_link_script CMakeFiles/cmTC_fdf12.dir/link.txt --verbose=1
/usr/bin/cc      -rdynamic CMakeFiles/cmTC_fdf12.dir/CheckSymbolExists.c.o  -o cmTC_fdf12 
CMakeFiles/cmTC_fdf12.dir/CheckSymbolExists.c.o: In function `main':
CheckSymbolExists.c:(.text+0x1b): undefined reference to `pthread_create'
collect2: error: ld returned 1 exit status
CMakeFiles/cmTC_fdf12.dir/build.make:97: recipe for target 'cmTC_fdf12' failed
make[1]: *** [cmTC_fdf12] Error 1
make[1]: Leaving directory '/home/mizumi/Studio/eYantra/task_3/catkin_ws/build/gazebo_conveyor/CMakeFiles/CMakeTmp'
Makefile:126: recipe for target 'cmTC_fdf12/fast' failed
make: *** [cmTC_fdf12/fast] Error 2

File /home/mizumi/Studio/eYantra/task_3/catkin_ws/build/gazebo_conveyor/CMakeFiles/CMakeTmp/CheckSymbolExists.c:
/* */
#include <pthread.h>

int main(int argc, char** argv)
{
  (void)argv;
#ifndef pthread_create
  return ((int*)(&pthread_create))[argc];
#else
  (void)argc;
  return 0;
#endif
}

Determining if the function pthread_create exists in the pthreads failed with the following output:
Change Dir: /home/mizumi/Studio/eYantra/task_3/catkin_ws/build/gazebo_conveyor/CMakeFiles/CMakeTmp

Run Build Command:"/usr/bin/make" "cmTC_36e51/fast"
/usr/bin/make -f CMakeFiles/cmTC_36e51.dir/build.make CMakeFiles/cmTC_36e51.dir/build
make[1]: Entering directory '/home/mizumi/Studio/eYantra/task_3/catkin_ws/build/gazebo_conveyor/CMakeFiles/CMakeTmp'
Building C object CMakeFiles/cmTC_36e51.dir/CheckFunctionExists.c.o
/usr/bin/cc   -DCHECK_FUNCTION_EXISTS=pthread_create   -o CMakeFiles/cmTC_36e51.dir/CheckFunctionExists.c.o   -c /usr/share/cmake-3.10/Modules/CheckFunctionExists.c
Linking C executable cmTC_36e51
/usr/bin/cmake -E cmake_link_script CMakeFiles/cmTC_36e51.dir/link.txt --verbose=1
/usr/bin/cc  -DCHECK_FUNCTION_EXISTS=pthread_create    -rdynamic CMakeFiles/cmTC_36e51.dir/CheckFunctionExists.c.o  -o cmTC_36e51 -lpthreads 
/usr/bin/ld: cannot find -lpthreads
collect2: error: ld returned 1 exit status
CMakeFiles/cmTC_36e51.dir/build.make:97: recipe for target 'cmTC_36e51' failed
make[1]: *** [cmTC_36e51] Error 1
make[1]: Leaving directory '/home/mizumi/Studio/eYantra/task_3/catkin_ws/build/gazebo_conveyor/CMakeFiles/CMakeTmp'
Makefile:126: recipe for target 'cmTC_36e51/fast' failed
make: *** [cmTC_36e51/fast] Error 2


